playground/android/app/build/outputs/logs/manifest-merger-debug-report.txt
-- Merging decision tree log ---
manifest
ADDED from src/main/AndroidManifest.xml:2:1-120:12
INJECTED from src/main/AndroidManifest.xml:2:1-120:12
INJECTED from src/main/AndroidManifest.xml:2:1-120:12
INJECTED from src/main/AndroidManifest.xml:2:1-120:12
MERGED from [com.facebook.fresco:fresco:0.10.0] AndroidManifest.xml:2:1-9:12
MERGED from [com.android.support:design:25.2.0] AndroidManifest.xml:17:1-27:12
MERGED from [com.facebook.fresco:drawee:0.10.0] AndroidManifest.xml:2:1-9:12
MERGED from [com.facebook.fresco:imagepipeline:0.10.0] AndroidManifest.xml:2:1-9:12
MERGED from [com.android.support:transition:25.2.0] AndroidManifest.xml:17:1-24:12
MERGED from [com.facebook.fresco:imagepipeline-base:0.10.0] AndroidManifest.xml:2:1-9:12
MERGED from [:library] AndroidManifest.xml:2:1-22:12
MERGED from [com.android.support:appcompat-v7:25.2.0] AndroidManifest.xml:17:1-27:12
MERGED from [com.android.support:support-v4:25.2.0] AndroidManifest.xml:17:1-27:12
MERGED from [com.android.support:recyclerview-v7:25.2.0] AndroidManifest.xml:17:1-22:12
MERGED from [com.android.support:support-fragment:25.2.0] AndroidManifest.xml:17:1-27:12
MERGED from [com.android.support:support-core-ui:25.2.0] AndroidManifest.xml:17:1-27:12
MERGED from [com.android.support:animated-vector-drawable:25.2.0] AndroidManifest.xml:17:1-24:12
MERGED from [com.android.support:support-vector-drawable:25.2.0] AndroidManifest.xml:17:1-25:12
MERGED from [com.android.support:support-media-compat:25.2.0] AndroidManifest.xml:17:1-27:12
MERGED from [com.android.support:support-core-utils:25.2.0] AndroidManifest.xml:17:1-27:12
MERGED from [com.android.support:support-compat:25.2.0] AndroidManifest.xml:17:1-27:12
MERGED from [com.android.support.test.espresso:espresso-idling-resource:2.2.2] AndroidManifest.xml:17:1-26:12
MERGED from [com.taobao.android.weex_inspection:urlconnection_interceptor:1.0.0] AndroidManifest.xml:2:1-11:12
MERGED from [com.taobao.android:weex_inspector:0.12.1] AndroidManifest.xml:2:1-15:12
MERGED from [com.taobao.android:weex_sdk:0.16.0] AndroidManifest.xml:20:1-37:12
MERGED from [org.weex.plugin:plugin-loader:1.0.0] AndroidManifest.xml:2:1-15:12
MERGED from [com.taobao.android:weex_analyzer:0.1.0.5] AndroidManifest.xml:2:1-20:12
MERGED from [com.facebook.fresco:fbcore:0.10.0] AndroidManifest.xml:2:1-9:12
MERGED from [com.getui:sdk:2.11.1.0] AndroidManifest.xml:2:1-84:12
INJECTED from src/main/AndroidManifest.xml:2:1-120:12
INJECTED from src/main/AndroidManifest.xml:2:1-120:12
INJECTED from src/main/AndroidManifest.xml:2:1-120:12
	package
		ADDED from src/main/AndroidManifest.xml:4:11-37
		INJECTED from src/main/AndroidManifest.xml
		INJECTED from src/main/AndroidManifest.xml
	android:versionName
		INJECTED from src/main/AndroidManifest.xml
		ADDED from src/main/AndroidManifest.xml:2:1-120:12
		INJECTED from src/main/AndroidManifest.xml
	xmlns:tools
		ADDED from src/main/AndroidManifest.xml:3:11-57
	android:versionCode
		INJECTED from src/main/AndroidManifest.xml
		ADDED from src/main/AndroidManifest.xml:2:1-120:12
		INJECTED from src/main/AndroidManifest.xml
	xmlns:android
		ADDED from src/main/AndroidManifest.xml:2:11-69
uses-permission#android.permission.INTERNET
ADDED from src/main/AndroidManifest.xml:6:5-66
MERGED from [com.getui:sdk:2.11.1.0] AndroidManifest.xml:11:5-67
MERGED from [com.getui:sdk:2.11.1.0] AndroidManifest.xml:11:5-67
	android:name
		ADDED from src/main/AndroidManifest.xml:6:22-64
uses-permission#android.permission.WRITE_EXTERNAL_STORAGE
ADDED from src/main/AndroidManifest.xml:7:5-80
MERGED from [com.getui:sdk:2.11.1.0] AndroidManifest.xml:18:5-81
MERGED from [com.getui:sdk:2.11.1.0] AndroidManifest.xml:18:5-81
	android:name
		ADDED from src/main/AndroidManifest.xml:7:22-78
uses-permission#android.permission.READ_EXTERNAL_STORAGE
ADDED from src/main/AndroidManifest.xml:8:5-79
	android:name
		ADDED from src/main/AndroidManifest.xml:8:22-77
uses-permission#android.permission.CAMERA
ADDED from src/main/AndroidManifest.xml:9:5-64
	android:name
		ADDED from src/main/AndroidManifest.xml:9:22-62
uses-permission#android.permission.ACCESS_NETWORK_STATE
ADDED from src/main/AndroidManifest.xml:10:5-78
MERGED from [com.getui:sdk:2.11.1.0] AndroidManifest.xml:13:5-79
MERGED from [com.getui:sdk:2.11.1.0] AndroidManifest.xml:13:5-79
	android:name
		ADDED from src/main/AndroidManifest.xml:10:22-76
uses-permission#com.android.launcher.permission.INSTALL_SHORTCUT
ADDED from src/main/AndroidManifest.xml:11:5-87
	android:name
		ADDED from src/main/AndroidManifest.xml:11:22-85
uses-permission#android.permission.SYSTEM_ALERT_WINDOW
ADDED from src/main/AndroidManifest.xml:12:5-77
MERGED from [com.taobao.android:weex_analyzer:0.1.0.5] AndroidManifest.xml:11:5-78
MERGED from [com.taobao.android:weex_analyzer:0.1.0.5] AndroidManifest.xml:11:5-78
MERGED from [com.getui:sdk:2.11.1.0] AndroidManifest.xml:23:5-78
MERGED from [com.getui:sdk:2.11.1.0] AndroidManifest.xml:23:5-78
	android:name
		ADDED from src/main/AndroidManifest.xml:12:22-75
uses-permission#android.permission.SYSTEM_OVERLAY_WINDOW
ADDED from src/main/AndroidManifest.xml:13:5-79
	android:name
		ADDED from src/main/AndroidManifest.xml:13:22-77
uses-permission#android.permission.VIBRATE
ADDED from src/main/AndroidManifest.xml:14:5-65
MERGED from [com.getui:sdk:2.11.1.0] AndroidManifest.xml:19:5-66
MERGED from [com.getui:sdk:2.11.1.0] AndroidManifest.xml:19:5-66
	android:name
		ADDED from src/main/AndroidManifest.xml:14:22-63
uses-permission#android.permission.READ_PHONE_STATE
ADDED from src/main/AndroidManifest.xml:15:5-74
MERGED from [com.getui:sdk:2.11.1.0] AndroidManifest.xml:12:5-75
MERGED from [com.getui:sdk:2.11.1.0] AndroidManifest.xml:12:5-75
	android:name
		ADDED from src/main/AndroidManifest.xml:15:22-72
uses-permission#android.permission.ACCESS_FINE_LOCATION
ADDED from src/main/AndroidManifest.xml:16:5-78
	android:name
		ADDED from src/main/AndroidManifest.xml:16:22-76
uses-permission#android.permission.ACCESS_COARSE_LOCATION
ADDED from src/main/AndroidManifest.xml:17:5-80
	android:name
		ADDED from src/main/AndroidManifest.xml:17:22-78
uses-feature#android.hardware.camera
ADDED from src/main/AndroidManifest.xml:19:5-59
	android:name
		ADDED from src/main/AndroidManifest.xml:19:19-57
uses-feature#android.hardware.camera.autofocus
ADDED from src/main/AndroidManifest.xml:20:5-69
	android:name
		ADDED from src/main/AndroidManifest.xml:20:19-67
application
ADDED from src/main/AndroidManifest.xml:22:5-118:19
MERGED from [com.android.support:design:25.2.0] AndroidManifest.xml:25:5-20
MERGED from [com.android.support:design:25.2.0] AndroidManifest.xml:25:5-20
MERGED from [com.android.support:transition:25.2.0] AndroidManifest.xml:22:5-20
MERGED from [com.android.support:transition:25.2.0] AndroidManifest.xml:22:5-20
MERGED from [:library] AndroidManifest.xml:12:5-20:19
MERGED from [:library] AndroidManifest.xml:12:5-20:19
MERGED from [com.android.support:appcompat-v7:25.2.0] AndroidManifest.xml:25:5-20
MERGED from [com.android.support:appcompat-v7:25.2.0] AndroidManifest.xml:25:5-20
MERGED from [com.android.support:support-v4:25.2.0] AndroidManifest.xml:25:5-20
MERGED from [com.android.support:support-v4:25.2.0] AndroidManifest.xml:25:5-20
MERGED from [com.android.support:support-fragment:25.2.0] AndroidManifest.xml:25:5-20
MERGED from [com.android.support:support-fragment:25.2.0] AndroidManifest.xml:25:5-20
MERGED from [com.android.support:support-core-ui:25.2.0] AndroidManifest.xml:25:5-20
MERGED from [com.android.support:support-core-ui:25.2.0] AndroidManifest.xml:25:5-20
MERGED from [com.android.support:animated-vector-drawable:25.2.0] AndroidManifest.xml:22:5-20
MERGED from [com.android.support:animated-vector-drawable:25.2.0] AndroidManifest.xml:22:5-20
MERGED from [com.android.support:support-vector-drawable:25.2.0] AndroidManifest.xml:23:5-20
MERGED from [com.android.support:support-vector-drawable:25.2.0] AndroidManifest.xml:23:5-20
MERGED from [com.android.support:support-media-compat:25.2.0] AndroidManifest.xml:25:5-20
MERGED from [com.android.support:support-media-compat:25.2.0] AndroidManifest.xml:25:5-20
MERGED from [com.android.support:support-core-utils:25.2.0] AndroidManifest.xml:25:5-20
MERGED from [com.android.support:support-core-utils:25.2.0] AndroidManifest.xml:25:5-20
MERGED from [com.android.support:support-compat:25.2.0] AndroidManifest.xml:25:5-20
MERGED from [com.android.support:support-compat:25.2.0] AndroidManifest.xml:25:5-20
MERGED from [com.android.support.test.espresso:espresso-idling-resource:2.2.2] AndroidManifest.xml:24:5-20
MERGED from [com.android.support.test.espresso:espresso-idling-resource:2.2.2] AndroidManifest.xml:24:5-20
MERGED from [com.taobao.android:weex_inspector:0.12.1] AndroidManifest.xml:13:5-20
MERGED from [com.taobao.android:weex_inspector:0.12.1] AndroidManifest.xml:13:5-20
MERGED from [com.taobao.android:weex_sdk:0.16.0] AndroidManifest.xml:29:5-35:19
MERGED from [com.taobao.android:weex_sdk:0.16.0] AndroidManifest.xml:29:5-35:19
MERGED from [org.weex.plugin:plugin-loader:1.0.0] AndroidManifest.xml:9:5-13:19
MERGED from [org.weex.plugin:plugin-loader:1.0.0] AndroidManifest.xml:9:5-13:19
MERGED from [com.taobao.android:weex_analyzer:0.1.0.5] AndroidManifest.xml:14:5-18:19
MERGED from [com.taobao.android:weex_analyzer:0.1.0.5] AndroidManifest.xml:14:5-18:19
MERGED from [com.getui:sdk:2.11.1.0] AndroidManifest.xml:32:5-82:19
MERGED from [com.getui:sdk:2.11.1.0] AndroidManifest.xml:32:5-82:19
	android:supportsRtl
		ADDED from src/main/AndroidManifest.xml:27:13-39
	android:label
		ADDED from src/main/AndroidManifest.xml:26:13-45
	tools:overrideLibrary
		ADDED from src/main/AndroidManifest.xml:29:13-64
	android:icon
		ADDED from src/main/AndroidManifest.xml:25:13-47
	android:allowBackup
		ADDED from src/main/AndroidManifest.xml:24:13-40
	android:theme
		ADDED from src/main/AndroidManifest.xml:28:13-44
	android:name
		ADDED from src/main/AndroidManifest.xml:23:13-42
uses-library#android.test.runner
ADDED from src/main/AndroidManifest.xml:30:9-59
	android:name
		ADDED from src/main/AndroidManifest.xml:30:23-57
activity#com.alibaba.weex.SplashActivity
ADDED from src/main/AndroidManifest.xml:32:9-43:20
	android:screenOrientation
		ADDED from src/main/AndroidManifest.xml:36:17-53
	android:label
		ADDED from src/main/AndroidManifest.xml:35:17-49
	android:configChanges
		ADDED from src/main/AndroidManifest.xml:34:17-78
	android:theme
		ADDED from src/main/AndroidManifest.xml:37:17-55
	android:name
		ADDED from src/main/AndroidManifest.xml:33:17-47
intent-filter#android.intent.action.MAIN+android.intent.category.LAUNCHER
ADDED from src/main/AndroidManifest.xml:38:13-42:29
action#android.intent.action.MAIN
ADDED from src/main/AndroidManifest.xml:39:17-68
	android:name
		ADDED from src/main/AndroidManifest.xml:39:25-66
category#android.intent.category.LAUNCHER
ADDED from src/main/AndroidManifest.xml:41:17-76
	android:name
		ADDED from src/main/AndroidManifest.xml:41:27-74
activity#com.alibaba.weex.IndexActivity
ADDED from src/main/AndroidManifest.xml:44:9-49:20
	android:screenOrientation
		ADDED from src/main/AndroidManifest.xml:47:17-53
	android:label
		ADDED from src/main/AndroidManifest.xml:46:17-49
	android:theme
		ADDED from src/main/AndroidManifest.xml:48:17-60
	android:name
		ADDED from src/main/AndroidManifest.xml:45:17-46
activity#com.alibaba.weex.WXPageActivity
ADDED from src/main/AndroidManifest.xml:50:9-67:20
	android:screenOrientation
		ADDED from src/main/AndroidManifest.xml:53:17-53
	android:label
		ADDED from src/main/AndroidManifest.xml:52:17-49
	android:theme
		ADDED from src/main/AndroidManifest.xml:54:17-60
	android:name
		ADDED from src/main/AndroidManifest.xml:51:17-47
intent-filter#android.intent.action.VIEW+android.intent.category.DEFAULT+com.taobao.android.intent.action.WEEX+com.taobao.android.intent.category.WEEX
ADDED from src/main/AndroidManifest.xml:55:13-66:29
action#com.taobao.android.intent.action.WEEX
ADDED from src/main/AndroidManifest.xml:56:17-79
	android:name
		ADDED from src/main/AndroidManifest.xml:56:25-77
category#android.intent.category.DEFAULT
ADDED from src/main/AndroidManifest.xml:58:17-75
	android:name
		ADDED from src/main/AndroidManifest.xml:58:27-73
category#com.taobao.android.intent.category.WEEX
ADDED from src/main/AndroidManifest.xml:59:17-83
	android:name
		ADDED from src/main/AndroidManifest.xml:59:27-81
action#android.intent.action.VIEW
ADDED from src/main/AndroidManifest.xml:60:17-68
	android:name
		ADDED from src/main/AndroidManifest.xml:60:25-66
data
ADDED from src/main/AndroidManifest.xml:62:17-46
	android:path
		ADDED from src/main/AndroidManifest.xml:86:56-76
	android:host
		ADDED from src/main/AndroidManifest.xml:86:23-55
	android:scheme
		ADDED from src/main/AndroidManifest.xml:62:23-44
activity#com.google.zxing.client.android.CaptureActivity
ADDED from src/main/AndroidManifest.xml:68:9-88:20
	android:screenOrientation
		ADDED from src/main/AndroidManifest.xml:71:17-53
	android:clearTaskOnLaunch
		ADDED from src/main/AndroidManifest.xml:70:17-49
	android:stateNotNeeded
		ADDED from src/main/AndroidManifest.xml:72:17-46
	android:windowSoftInputMode
		ADDED from src/main/AndroidManifest.xml:74:17-64
	android:theme
		ADDED from src/main/AndroidManifest.xml:73:17-52
	android:name
		ADDED from src/main/AndroidManifest.xml:69:17-79
intent-filter#android.intent.category.DEFAULT+com.google.zxing.client.android.SCAN
ADDED from src/main/AndroidManifest.xml:75:13-79:29
action#com.google.zxing.client.android.SCAN
ADDED from src/main/AndroidManifest.xml:76:17-78
	android:name
		ADDED from src/main/AndroidManifest.xml:76:25-76
intent-filter#android.intent.action.VIEW+android.intent.category.BROWSABLE+android.intent.category.DEFAULT
ADDED from src/main/AndroidManifest.xml:80:13-87:29
category#android.intent.category.BROWSABLE
ADDED from src/main/AndroidManifest.xml:84:17-77
	android:name
		ADDED from src/main/AndroidManifest.xml:84:27-75
activity#com.google.zxing.client.android.history.HistoryActivity
ADDED from src/main/AndroidManifest.xml:89:9-92:48
	android:stateNotNeeded
		ADDED from src/main/AndroidManifest.xml:92:17-46
	android:label
		ADDED from src/main/AndroidManifest.xml:91:17-54
	android:name
		ADDED from src/main/AndroidManifest.xml:90:17-87
activity#com.alibaba.weex.WXDebugActivity
ADDED from src/main/AndroidManifest.xml:93:9-115:20
	android:label
		ADDED from src/main/AndroidManifest.xml:95:17-63
	android:theme
		ADDED from src/main/AndroidManifest.xml:96:17-60
	android:name
		ADDED from src/main/AndroidManifest.xml:94:17-48
intent-filter#android.intent.category.DEFAULT+weex.intent.action.dynamic+weex.intent.category.dynamic
ADDED from src/main/AndroidManifest.xml:97:13-105:29
action#weex.intent.action.dynamic
ADDED from src/main/AndroidManifest.xml:98:17-68
	android:name
		ADDED from src/main/AndroidManifest.xml:98:25-66
category#weex.intent.category.dynamic
ADDED from src/main/AndroidManifest.xml:100:17-72
	android:name
		ADDED from src/main/AndroidManifest.xml:100:27-70
activity#com.alibaba.weex.BenchmarkActivity
ADDED from src/main/AndroidManifest.xml:116:9-117:57
	android:screenOrientation
		ADDED from src/main/AndroidManifest.xml:117:19-55
	android:name
		ADDED from src/main/AndroidManifest.xml:116:19-68
uses-sdk
INJECTED from src/main/AndroidManifest.xml reason: use-sdk injection requested
INJECTED from src/main/AndroidManifest.xml
INJECTED from src/main/AndroidManifest.xml
MERGED from [com.facebook.fresco:fresco:0.10.0] AndroidManifest.xml:5:5-7:41
MERGED from [com.facebook.fresco:fresco:0.10.0] AndroidManifest.xml:5:5-7:41
MERGED from [com.android.support:design:25.2.0] AndroidManifest.xml:21:5-23:62
MERGED from [com.android.support:design:25.2.0] AndroidManifest.xml:21:5-23:62
MERGED from [com.facebook.fresco:drawee:0.10.0] AndroidManifest.xml:5:5-7:41
MERGED from [com.facebook.fresco:drawee:0.10.0] AndroidManifest.xml:5:5-7:41
MERGED from [com.facebook.fresco:imagepipeline:0.10.0] AndroidManifest.xml:5:5-7:41
MERGED from [com.facebook.fresco:imagepipeline:0.10.0] AndroidManifest.xml:5:5-7:41
MERGED from [com.android.support:transition:25.2.0] AndroidManifest.xml:20:5-44
MERGED from [com.android.support:transition:25.2.0] AndroidManifest.xml:20:5-44
MERGED from [com.facebook.fresco:imagepipeline-base:0.10.0] AndroidManifest.xml:5:5-7:41
MERGED from [com.facebook.fresco:imagepipeline-base:0.10.0] AndroidManifest.xml:5:5-7:41
MERGED from [:library] AndroidManifest.xml:8:5-10:41
MERGED from [:library] AndroidManifest.xml:8:5-10:41
MERGED from [com.android.support:appcompat-v7:25.2.0] AndroidManifest.xml:21:5-23:78
MERGED from [com.android.support:appcompat-v7:25.2.0] AndroidManifest.xml:21:5-23:78
MERGED from [com.android.support:support-v4:25.2.0] AndroidManifest.xml:21:5-23:54
MERGED from [com.android.support:support-v4:25.2.0] AndroidManifest.xml:21:5-23:54
MERGED from [com.android.support:recyclerview-v7:25.2.0] AndroidManifest.xml:20:5-43
MERGED from [com.android.support:recyclerview-v7:25.2.0] AndroidManifest.xml:20:5-43
MERGED from [com.android.support:support-fragment:25.2.0] AndroidManifest.xml:21:5-23:60
MERGED from [com.android.support:support-fragment:25.2.0] AndroidManifest.xml:21:5-23:60
MERGED from [com.android.support:support-core-ui:25.2.0] AndroidManifest.xml:21:5-23:58
MERGED from [com.android.support:support-core-ui:25.2.0] AndroidManifest.xml:21:5-23:58
MERGED from [com.android.support:animated-vector-drawable:25.2.0] AndroidManifest.xml:20:5-44
MERGED from [com.android.support:animated-vector-drawable:25.2.0] AndroidManifest.xml:20:5-44
MERGED from [com.android.support:support-vector-drawable:25.2.0] AndroidManifest.xml:21:5-43
MERGED from [com.android.support:support-vector-drawable:25.2.0] AndroidManifest.xml:21:5-43
MERGED from [com.android.support:support-media-compat:25.2.0] AndroidManifest.xml:21:5-23:63
MERGED from [com.android.support:support-media-compat:25.2.0] AndroidManifest.xml:21:5-23:63
MERGED from [com.android.support:support-core-utils:25.2.0] AndroidManifest.xml:21:5-23:61
MERGED from [com.android.support:support-core-utils:25.2.0] AndroidManifest.xml:21:5-23:61
MERGED from [com.android.support:support-compat:25.2.0] AndroidManifest.xml:21:5-23:58
MERGED from [com.android.support:support-compat:25.2.0] AndroidManifest.xml:21:5-23:58
MERGED from [com.android.support.test.espresso:espresso-idling-resource:2.2.2] AndroidManifest.xml:20:5-22:41
MERGED from [com.android.support.test.espresso:espresso-idling-resource:2.2.2] AndroidManifest.xml:20:5-22:41
MERGED from [com.taobao.android.weex_inspection:urlconnection_interceptor:1.0.0] AndroidManifest.xml:7:5-9:41
MERGED from [com.taobao.android.weex_inspection:urlconnection_interceptor:1.0.0] AndroidManifest.xml:7:5-9:41
MERGED from [com.taobao.android:weex_inspector:0.12.1] AndroidManifest.xml:8:5-11:60
MERGED from [com.taobao.android:weex_inspector:0.12.1] AndroidManifest.xml:8:5-11:60
MERGED from [com.taobao.android:weex_sdk:0.16.0] AndroidManifest.xml:25:5-27:41
MERGED from [com.taobao.android:weex_sdk:0.16.0] AndroidManifest.xml:25:5-27:41
MERGED from [org.weex.plugin:plugin-loader:1.0.0] AndroidManifest.xml:5:5-7:41
MERGED from [org.weex.plugin:plugin-loader:1.0.0] AndroidManifest.xml:5:5-7:41
MERGED from [com.taobao.android:weex_analyzer:0.1.0.5] AndroidManifest.xml:7:5-9:41
MERGED from [com.taobao.android:weex_analyzer:0.1.0.5] AndroidManifest.xml:7:5-9:41
MERGED from [com.facebook.fresco:fbcore:0.10.0] AndroidManifest.xml:5:5-7:41
MERGED from [com.facebook.fresco:fbcore:0.10.0] AndroidManifest.xml:5:5-7:41
MERGED from [com.getui:sdk:2.11.1.0] AndroidManifest.xml:7:5-9:41
MERGED from [com.getui:sdk:2.11.1.0] AndroidManifest.xml:7:5-9:41
INJECTED from src/main/AndroidManifest.xml
INJECTED from src/main/AndroidManifest.xml
	tools:overrideLibrary
		ADDED from [com.android.support:design:25.2.0] AndroidManifest.xml:23:9-59
	android:targetSdkVersion
		INJECTED from src/main/AndroidManifest.xml
		ADDED from src/main/AndroidManifest.xml
		INJECTED from src/main/AndroidManifest.xml
	android:minSdkVersion
		INJECTED from src/main/AndroidManifest.xml
		ADDED from src/main/AndroidManifest.xml
		INJECTED from src/main/AndroidManifest.xml
service#org.weex.plugin.getuipush.DemoPushService
ADDED from [:library] AndroidManifest.xml:13:9-16:39
	android:enabled
		ADDED from [:library] AndroidManifest.xml:15:13-35
	android:exported
		ADDED from [:library] AndroidManifest.xml:16:13-36
	android:name
		ADDED from [:library] AndroidManifest.xml:14:13-69
service#org.weex.plugin.getuipush.PushIntentService
ADDED from [:library] AndroidManifest.xml:17:9-19:40
	android:exported
		ADDED from [:library] AndroidManifest.xml:19:13-37
	android:name
		ADDED from [:library] AndroidManifest.xml:18:13-71
receiver#com.taobao.weex.WXGlobalEventReceiver
ADDED from [com.taobao.android:weex_sdk:0.16.0] AndroidManifest.xml:30:9-34:20
	android:enabled
		ADDED from [com.taobao.android:weex_sdk:0.16.0] AndroidManifest.xml:32:13-35
	android:exported
		ADDED from [com.taobao.android:weex_sdk:0.16.0] AndroidManifest.xml:33:13-37
	android:name
		ADDED from [com.taobao.android:weex_sdk:0.16.0] AndroidManifest.xml:31:13-65
uses-permission#android.permission.READ_LOGS
ADDED from [com.taobao.android:weex_analyzer:0.1.0.5] AndroidManifest.xml:12:5-68
	android:name
		ADDED from [com.taobao.android:weex_analyzer:0.1.0.5] AndroidManifest.xml:12:22-65
activity#com.taobao.weex.analyzer.view.SettingsActivity
ADDED from [com.taobao.android:weex_analyzer:0.1.0.5] AndroidManifest.xml:15:9-17:52
	android:screenOrientation
		ADDED from [com.taobao.android:weex_analyzer:0.1.0.5] AndroidManifest.xml:17:13-49
	android:name
		ADDED from [com.taobao.android:weex_analyzer:0.1.0.5] AndroidManifest.xml:16:13-74
uses-permission#android.permission.CHANGE_WIFI_STATE
ADDED from [com.getui:sdk:2.11.1.0] AndroidManifest.xml:14:5-76
	android:name
		ADDED from [com.getui:sdk:2.11.1.0] AndroidManifest.xml:14:22-73
uses-permission#android.permission.ACCESS_WIFI_STATE
ADDED from [com.getui:sdk:2.11.1.0] AndroidManifest.xml:15:5-76
	android:name
		ADDED from [com.getui:sdk:2.11.1.0] AndroidManifest.xml:15:22-73
uses-permission#android.permission.WAKE_LOCK
ADDED from [com.getui:sdk:2.11.1.0] AndroidManifest.xml:16:5-68
	android:name
		ADDED from [com.getui:sdk:2.11.1.0] AndroidManifest.xml:16:22-65
uses-permission#android.permission.RECEIVE_BOOT_COMPLETED
ADDED from [com.getui:sdk:2.11.1.0] AndroidManifest.xml:17:5-81
	android:name
		ADDED from [com.getui:sdk:2.11.1.0] AndroidManifest.xml:17:22-78
uses-permission#android.permission.GET_TASKS
ADDED from [com.getui:sdk:2.11.1.0] AndroidManifest.xml:20:5-68
	android:name
		ADDED from [com.getui:sdk:2.11.1.0] AndroidManifest.xml:20:22-65
uses-permission#getui.permission.GetuiService.${applicationId}
ADDED from [com.getui:sdk:2.11.1.0] AndroidManifest.xml:26:5-86
	android:name
		ADDED from [com.getui:sdk:2.11.1.0] AndroidManifest.xml:26:22-83
uses-permission#getui.permission.GetuiService.org.weex.demo
ADDED from [com.getui:sdk:2.11.1.0] AndroidManifest.xml:26:5-86
	android:name
		ADDED from [com.getui:sdk:2.11.1.0] AndroidManifest.xml:26:22-83
permission#getui.permission.GetuiService.${applicationId}
ADDED from [com.getui:sdk:2.11.1.0] AndroidManifest.xml:28:5-30:44
	android:protectionLevel
		ADDED from [com.getui:sdk:2.11.1.0] AndroidManifest.xml:30:9-41
	android:name
		ADDED from [com.getui:sdk:2.11.1.0] AndroidManifest.xml:29:9-70
permission#getui.permission.GetuiService.org.weex.demo
ADDED from [com.getui:sdk:2.11.1.0] AndroidManifest.xml:28:5-30:44
	android:protectionLevel
		ADDED from [com.getui:sdk:2.11.1.0] AndroidManifest.xml:30:9-41
	android:name
		ADDED from [com.getui:sdk:2.11.1.0] AndroidManifest.xml:29:9-70
meta-data#PUSH_APPID
ADDED from [com.getui:sdk:2.11.1.0] AndroidManifest.xml:35:9-37:47
	android:value
		ADDED from [com.getui:sdk:2.11.1.0] AndroidManifest.xml:37:13-44
	android:name
		ADDED from [com.getui:sdk:2.11.1.0] AndroidManifest.xml:36:13-38
meta-data#PUSH_APPKEY
ADDED from [com.getui:sdk:2.11.1.0] AndroidManifest.xml:38:9-40:48
	android:value
		ADDED from [com.getui:sdk:2.11.1.0] AndroidManifest.xml:40:13-45
	android:name
		ADDED from [com.getui:sdk:2.11.1.0] AndroidManifest.xml:39:13-39
meta-data#PUSH_APPSECRET
ADDED from [com.getui:sdk:2.11.1.0] AndroidManifest.xml:41:9-43:51
	android:value
		ADDED from [com.getui:sdk:2.11.1.0] AndroidManifest.xml:43:13-48
	android:name
		ADDED from [com.getui:sdk:2.11.1.0] AndroidManifest.xml:42:13-42
service#com.igexin.sdk.PushService
ADDED from [com.getui:sdk:2.11.1.0] AndroidManifest.xml:46:9-54:19
	android:process
		ADDED from [com.getui:sdk:2.11.1.0] AndroidManifest.xml:50:13-43
	android:label
		ADDED from [com.getui:sdk:2.11.1.0] AndroidManifest.xml:49:13-47
	android:exported
		ADDED from [com.getui:sdk:2.11.1.0] AndroidManifest.xml:48:13-36
	android:name
		ADDED from [com.getui:sdk:2.11.1.0] AndroidManifest.xml:47:13-54
intent-filter#com.igexin.sdk.action.service.message
ADDED from [com.getui:sdk:2.11.1.0] AndroidManifest.xml:51:13-53:29
action#com.igexin.sdk.action.service.message
ADDED from [com.getui:sdk:2.11.1.0] AndroidManifest.xml:52:17-80
	android:name
		ADDED from [com.getui:sdk:2.11.1.0] AndroidManifest.xml:52:25-77
receiver#com.igexin.sdk.PushReceiver
ADDED from [com.getui:sdk:2.11.1.0] AndroidManifest.xml:56:9-66:20
	android:name
		ADDED from [com.getui:sdk:2.11.1.0] AndroidManifest.xml:56:19-61
intent-filter#android.intent.action.ACTION_POWER_CONNECTED+android.intent.action.ACTION_POWER_DISCONNECTED+android.intent.action.BOOT_COMPLETED+android.intent.action.MEDIA_MOUNTED+android.intent.action.USER_PRESENT+android.net.conn.CONNECTIVITY_CHANGE+com.igexin.sdk.action.refreshls
ADDED from [com.getui:sdk:2.11.1.0] AndroidManifest.xml:57:13-65:29
action#android.intent.action.BOOT_COMPLETED
ADDED from [com.getui:sdk:2.11.1.0] AndroidManifest.xml:58:17-79
	android:name
		ADDED from [com.getui:sdk:2.11.1.0] AndroidManifest.xml:58:25-76
action#android.net.conn.CONNECTIVITY_CHANGE
ADDED from [com.getui:sdk:2.11.1.0] AndroidManifest.xml:59:17-79
	android:name
		ADDED from [com.getui:sdk:2.11.1.0] AndroidManifest.xml:59:25-76
action#android.intent.action.USER_PRESENT
ADDED from [com.getui:sdk:2.11.1.0] AndroidManifest.xml:60:17-77
	android:name
		ADDED from [com.getui:sdk:2.11.1.0] AndroidManifest.xml:60:25-74
action#com.igexin.sdk.action.refreshls
ADDED from [com.getui:sdk:2.11.1.0] AndroidManifest.xml:61:17-74
	android:name
		ADDED from [com.getui:sdk:2.11.1.0] AndroidManifest.xml:61:25-71
action#android.intent.action.MEDIA_MOUNTED
ADDED from [com.getui:sdk:2.11.1.0] AndroidManifest.xml:62:17-78
	android:name
		ADDED from [com.getui:sdk:2.11.1.0] AndroidManifest.xml:62:25-75
action#android.intent.action.ACTION_POWER_CONNECTED
ADDED from [com.getui:sdk:2.11.1.0] AndroidManifest.xml:63:17-87
	android:name
		ADDED from [com.getui:sdk:2.11.1.0] AndroidManifest.xml:63:25-84
action#android.intent.action.ACTION_POWER_DISCONNECTED
ADDED from [com.getui:sdk:2.11.1.0] AndroidManifest.xml:64:17-90
	android:name
		ADDED from [com.getui:sdk:2.11.1.0] AndroidManifest.xml:64:25-87
activity#com.igexin.sdk.PushActivity
ADDED from [com.getui:sdk:2.11.1.0] AndroidManifest.xml:68:9-74:75
	android:process
		ADDED from [com.getui:sdk:2.11.1.0] AndroidManifest.xml:72:13-43
	android:excludeFromRecents
		ADDED from [com.getui:sdk:2.11.1.0] AndroidManifest.xml:70:13-46
	android:exported
		ADDED from [com.getui:sdk:2.11.1.0] AndroidManifest.xml:71:13-37
	android:theme
		ADDED from [com.getui:sdk:2.11.1.0] AndroidManifest.xml:74:13-72
	android:taskAffinity
		ADDED from [com.getui:sdk:2.11.1.0] AndroidManifest.xml:73:13-67
	android:name
		ADDED from [com.getui:sdk:2.11.1.0] AndroidManifest.xml:69:13-55
activity#com.igexin.sdk.GActivity
ADDED from [com.getui:sdk:2.11.1.0] AndroidManifest.xml:75:9-81:75
	android:process
		ADDED from [com.getui:sdk:2.11.1.0] AndroidManifest.xml:79:13-43
	android:excludeFromRecents
		ADDED from [com.getui:sdk:2.11.1.0] AndroidManifest.xml:77:13-46
	android:exported
		ADDED from [com.getui:sdk:2.11.1.0] AndroidManifest.xml:78:13-36
	android:theme
		ADDED from [com.getui:sdk:2.11.1.0] AndroidManifest.xml:81:13-72
	android:taskAffinity
		ADDED from [com.getui:sdk:2.11.1.0] AndroidManifest.xml:80:13-67
	android:name
		ADDED from [com.getui:sdk:2.11.1.0] AndroidManifest.xml:76:13-52